{"index.js":{"path":"index.js","s":{"1":1,"2":1,"3":1,"4":1,"5":1,"6":6,"7":6,"8":6,"9":0,"10":0,"11":6,"12":1,"13":1,"14":2,"15":2,"16":2,"17":1,"18":1,"19":1,"20":1,"21":1,"22":2,"23":2,"24":2,"25":1,"26":1,"27":1,"28":1,"29":1},"b":{"1":[0,6]},"f":{"1":6,"2":6,"3":1,"4":2,"5":2,"6":2,"7":1,"8":1,"9":1,"10":2,"11":2,"12":2,"13":1,"14":1,"15":1},"fnMap":{"1":{"name":"initBLModel","line":8,"loc":{"start":{"line":8,"column":0},"end":{"line":8,"column":35}}},"2":{"name":"(anonymous_2)","line":13,"loc":{"start":{"line":13,"column":29},"end":{"line":13,"column":50}}},"3":{"name":"(anonymous_3)","line":25,"loc":{"start":{"line":25,"column":13},"end":{"line":25,"column":25}}},"4":{"name":"(anonymous_4)","line":28,"loc":{"start":{"line":28,"column":41},"end":{"line":28,"column":61}}},"5":{"name":"(anonymous_5)","line":30,"loc":{"start":{"line":30,"column":37},"end":{"line":30,"column":51}}},"6":{"name":"(anonymous_6)","line":31,"loc":{"start":{"line":31,"column":42},"end":{"line":31,"column":69}}},"7":{"name":"(anonymous_7)","line":38,"loc":{"start":{"line":38,"column":34},"end":{"line":38,"column":54}}},"8":{"name":"(anonymous_8)","line":40,"loc":{"start":{"line":40,"column":37},"end":{"line":40,"column":51}}},"9":{"name":"(anonymous_9)","line":41,"loc":{"start":{"line":41,"column":42},"end":{"line":41,"column":69}}},"10":{"name":"(anonymous_10)","line":49,"loc":{"start":{"line":49,"column":35},"end":{"line":49,"column":55}}},"11":{"name":"(anonymous_11)","line":50,"loc":{"start":{"line":50,"column":37},"end":{"line":50,"column":51}}},"12":{"name":"(anonymous_12)","line":51,"loc":{"start":{"line":51,"column":43},"end":{"line":51,"column":70}}},"13":{"name":"(anonymous_13)","line":59,"loc":{"start":{"line":59,"column":44},"end":{"line":59,"column":64}}},"14":{"name":"(anonymous_14)","line":61,"loc":{"start":{"line":61,"column":37},"end":{"line":61,"column":51}}},"15":{"name":"(anonymous_15)","line":62,"loc":{"start":{"line":62,"column":44},"end":{"line":62,"column":71}}}},"statementMap":{"1":{"start":{"line":2,"column":0},"end":{"line":2,"column":29}},"2":{"start":{"line":3,"column":0},"end":{"line":3,"column":36}},"3":{"start":{"line":4,"column":0},"end":{"line":4,"column":38}},"4":{"start":{"line":6,"column":0},"end":{"line":6,"column":47}},"5":{"start":{"line":8,"column":0},"end":{"line":23,"column":1}},"6":{"start":{"line":9,"column":4},"end":{"line":9,"column":28}},"7":{"start":{"line":13,"column":4},"end":{"line":22,"column":7}},"8":{"start":{"line":14,"column":8},"end":{"line":21,"column":9}},"9":{"start":{"line":15,"column":12},"end":{"line":15,"column":39}},"10":{"start":{"line":16,"column":12},"end":{"line":16,"column":95}},"11":{"start":{"line":20,"column":12},"end":{"line":20,"column":26}},"12":{"start":{"line":25,"column":0},"end":{"line":70,"column":3}},"13":{"start":{"line":28,"column":4},"end":{"line":35,"column":7}},"14":{"start":{"line":30,"column":8},"end":{"line":34,"column":11}},"15":{"start":{"line":31,"column":12},"end":{"line":33,"column":15}},"16":{"start":{"line":32,"column":16},"end":{"line":32,"column":74}},"17":{"start":{"line":38,"column":4},"end":{"line":46,"column":7}},"18":{"start":{"line":40,"column":8},"end":{"line":44,"column":11}},"19":{"start":{"line":41,"column":12},"end":{"line":43,"column":15}},"20":{"start":{"line":42,"column":16},"end":{"line":42,"column":74}},"21":{"start":{"line":49,"column":4},"end":{"line":56,"column":7}},"22":{"start":{"line":50,"column":8},"end":{"line":54,"column":11}},"23":{"start":{"line":51,"column":12},"end":{"line":53,"column":15}},"24":{"start":{"line":52,"column":16},"end":{"line":52,"column":74}},"25":{"start":{"line":59,"column":4},"end":{"line":66,"column":7}},"26":{"start":{"line":61,"column":8},"end":{"line":65,"column":11}},"27":{"start":{"line":62,"column":12},"end":{"line":64,"column":15}},"28":{"start":{"line":63,"column":16},"end":{"line":63,"column":74}},"29":{"start":{"line":68,"column":4},"end":{"line":68,"column":19}}},"branchMap":{"1":{"line":14,"type":"if","locations":[{"start":{"line":14,"column":8},"end":{"line":14,"column":8}},{"start":{"line":14,"column":8},"end":{"line":14,"column":8}}]}}},"config.js":{"path":"config.js","s":{"1":1,"2":1},"b":{},"f":{},"fnMap":{},"statementMap":{"1":{"start":{"line":2,"column":0},"end":{"line":2,"column":59}},"2":{"start":{"line":3,"column":0},"end":{"line":118,"column":2}}},"branchMap":{}},"lib/index.js":{"path":"lib/index.js","s":{"1":1,"2":1,"3":1,"4":6,"5":6,"6":5,"7":5,"8":1,"9":1,"10":1,"11":1,"12":1,"13":1,"14":0,"15":1,"16":1,"17":1,"18":1,"19":5,"20":0,"21":0,"22":5,"23":1,"24":2,"25":1,"26":1,"27":1,"28":1,"29":1,"30":1,"31":1,"32":1,"33":1,"34":1,"35":2,"36":2,"37":2},"b":{"1":[5,1],"2":[1,0],"3":[0,1],"4":[0,5],"5":[1,1]},"f":{"1":6,"2":1,"3":1,"4":5,"5":2,"6":1,"7":1,"8":1,"9":1,"10":1,"11":2,"12":2},"fnMap":{"1":{"name":"(anonymous_1)","line":6,"loc":{"start":{"line":6,"column":12},"end":{"line":6,"column":37}}},"2":{"name":"requireModel","line":21,"loc":{"start":{"line":21,"column":8},"end":{"line":21,"column":44}}},"3":{"name":"(anonymous_3)","line":22,"loc":{"start":{"line":22,"column":32},"end":{"line":22,"column":50}}},"4":{"name":"buildResponse","line":35,"loc":{"start":{"line":35,"column":0},"end":{"line":35,"column":40}}},"5":{"name":"(anonymous_5)","line":47,"loc":{"start":{"line":47,"column":15},"end":{"line":47,"column":44}}},"6":{"name":"(anonymous_6)","line":52,"loc":{"start":{"line":52,"column":41},"end":{"line":52,"column":64}}},"7":{"name":"(anonymous_7)","line":59,"loc":{"start":{"line":59,"column":15},"end":{"line":59,"column":44}}},"8":{"name":"(anonymous_8)","line":61,"loc":{"start":{"line":61,"column":41},"end":{"line":61,"column":64}}},"9":{"name":"(anonymous_9)","line":68,"loc":{"start":{"line":68,"column":17},"end":{"line":68,"column":46}}},"10":{"name":"(anonymous_10)","line":69,"loc":{"start":{"line":69,"column":44},"end":{"line":69,"column":67}}},"11":{"name":"(anonymous_11)","line":75,"loc":{"start":{"line":75,"column":16},"end":{"line":75,"column":45}}},"12":{"name":"(anonymous_12)","line":76,"loc":{"start":{"line":76,"column":43},"end":{"line":76,"column":66}}}},"statementMap":{"1":{"start":{"line":2,"column":0},"end":{"line":2,"column":23}},"2":{"start":{"line":3,"column":0},"end":{"line":3,"column":16}},"3":{"start":{"line":5,"column":0},"end":{"line":33,"column":2}},"4":{"start":{"line":7,"column":8},"end":{"line":7,"column":22}},"5":{"start":{"line":8,"column":8},"end":{"line":11,"column":9}},"6":{"start":{"line":9,"column":12},"end":{"line":9,"column":49}},"7":{"start":{"line":10,"column":12},"end":{"line":10,"column":40}},"8":{"start":{"line":13,"column":8},"end":{"line":16,"column":9}},"9":{"start":{"line":14,"column":12},"end":{"line":14,"column":69}},"10":{"start":{"line":15,"column":12},"end":{"line":15,"column":47}},"11":{"start":{"line":21,"column":8},"end":{"line":31,"column":9}},"12":{"start":{"line":22,"column":12},"end":{"line":30,"column":15}},"13":{"start":{"line":23,"column":16},"end":{"line":25,"column":17}},"14":{"start":{"line":24,"column":20},"end":{"line":24,"column":71}},"15":{"start":{"line":27,"column":16},"end":{"line":27,"column":53}},"16":{"start":{"line":28,"column":16},"end":{"line":28,"column":53}},"17":{"start":{"line":29,"column":16},"end":{"line":29,"column":44}},"18":{"start":{"line":35,"column":0},"end":{"line":41,"column":1}},"19":{"start":{"line":36,"column":4},"end":{"line":39,"column":5}},"20":{"start":{"line":37,"column":8},"end":{"line":37,"column":36}},"21":{"start":{"line":38,"column":8},"end":{"line":38,"column":77}},"22":{"start":{"line":40,"column":4},"end":{"line":40,"column":31}},"23":{"start":{"line":43,"column":0},"end":{"line":81,"column":2}},"24":{"start":{"line":49,"column":8},"end":{"line":51,"column":9}},"25":{"start":{"line":50,"column":12},"end":{"line":50,"column":60}},"26":{"start":{"line":52,"column":8},"end":{"line":55,"column":11}},"27":{"start":{"line":53,"column":12},"end":{"line":53,"column":77}},"28":{"start":{"line":54,"column":12},"end":{"line":54,"column":50}},"29":{"start":{"line":61,"column":8},"end":{"line":64,"column":11}},"30":{"start":{"line":62,"column":12},"end":{"line":62,"column":76}},"31":{"start":{"line":63,"column":12},"end":{"line":63,"column":50}},"32":{"start":{"line":69,"column":8},"end":{"line":72,"column":11}},"33":{"start":{"line":70,"column":12},"end":{"line":70,"column":77}},"34":{"start":{"line":71,"column":12},"end":{"line":71,"column":50}},"35":{"start":{"line":76,"column":8},"end":{"line":79,"column":11}},"36":{"start":{"line":77,"column":12},"end":{"line":77,"column":77}},"37":{"start":{"line":78,"column":12},"end":{"line":78,"column":50}}},"branchMap":{"1":{"line":8,"type":"if","locations":[{"start":{"line":8,"column":8},"end":{"line":8,"column":8}},{"start":{"line":8,"column":8},"end":{"line":8,"column":8}}]},"2":{"line":13,"type":"if","locations":[{"start":{"line":13,"column":8},"end":{"line":13,"column":8}},{"start":{"line":13,"column":8},"end":{"line":13,"column":8}}]},"3":{"line":23,"type":"if","locations":[{"start":{"line":23,"column":16},"end":{"line":23,"column":16}},{"start":{"line":23,"column":16},"end":{"line":23,"column":16}}]},"4":{"line":36,"type":"if","locations":[{"start":{"line":36,"column":4},"end":{"line":36,"column":4}},{"start":{"line":36,"column":4},"end":{"line":36,"column":4}}]},"5":{"line":49,"type":"if","locations":[{"start":{"line":49,"column":8},"end":{"line":49,"column":8}},{"start":{"line":49,"column":8},"end":{"line":49,"column":8}}]}}},"model/mongo.js":{"path":"model/mongo.js","s":{"1":1,"2":1,"3":1,"4":1,"5":1,"6":1,"7":5,"8":1,"9":1,"10":1,"11":1,"12":1,"13":1,"14":1,"15":1,"16":1,"17":1,"18":1,"19":2,"20":2,"21":2,"22":2},"b":{"1":[1,4]},"f":{"1":5,"2":1,"3":1,"4":1,"5":1,"6":1,"7":2},"fnMap":{"1":{"name":"checkIfMongo","line":8,"loc":{"start":{"line":8,"column":0},"end":{"line":8,"column":29}}},"2":{"name":"(anonymous_2)","line":17,"loc":{"start":{"line":17,"column":16},"end":{"line":17,"column":37}}},"3":{"name":"(anonymous_3)","line":23,"loc":{"start":{"line":23,"column":16},"end":{"line":23,"column":37}}},"4":{"name":"(anonymous_4)","line":36,"loc":{"start":{"line":36,"column":60},"end":{"line":36,"column":77}}},"5":{"name":"(anonymous_5)","line":41,"loc":{"start":{"line":41,"column":19},"end":{"line":41,"column":40}}},"6":{"name":"(anonymous_6)","line":50,"loc":{"start":{"line":50,"column":11},"end":{"line":50,"column":28}}},"7":{"name":"(anonymous_7)","line":56,"loc":{"start":{"line":56,"column":18},"end":{"line":56,"column":39}}}},"statementMap":{"1":{"start":{"line":2,"column":0},"end":{"line":2,"column":29}},"2":{"start":{"line":3,"column":0},"end":{"line":3,"column":24}},"3":{"start":{"line":4,"column":0},"end":{"line":4,"column":10}},"4":{"start":{"line":5,"column":0},"end":{"line":5,"column":28}},"5":{"start":{"line":6,"column":0},"end":{"line":6,"column":22}},"6":{"start":{"line":8,"column":0},"end":{"line":12,"column":1}},"7":{"start":{"line":9,"column":4},"end":{"line":11,"column":5}},"8":{"start":{"line":10,"column":8},"end":{"line":10,"column":57}},"9":{"start":{"line":15,"column":0},"end":{"line":66,"column":2}},"10":{"start":{"line":18,"column":8},"end":{"line":18,"column":28}},"11":{"start":{"line":19,"column":8},"end":{"line":19,"column":65}},"12":{"start":{"line":24,"column":8},"end":{"line":24,"column":28}},"13":{"start":{"line":25,"column":8},"end":{"line":38,"column":11}},"14":{"start":{"line":37,"column":12},"end":{"line":37,"column":35}},"15":{"start":{"line":42,"column":8},"end":{"line":42,"column":28}},"16":{"start":{"line":43,"column":8},"end":{"line":45,"column":10}},"17":{"start":{"line":46,"column":8},"end":{"line":52,"column":11}},"18":{"start":{"line":51,"column":12},"end":{"line":51,"column":35}},"19":{"start":{"line":57,"column":8},"end":{"line":57,"column":28}},"20":{"start":{"line":58,"column":8},"end":{"line":58,"column":26}},"21":{"start":{"line":59,"column":8},"end":{"line":62,"column":10}},"22":{"start":{"line":63,"column":8},"end":{"line":63,"column":73}}},"branchMap":{"1":{"line":9,"type":"if","locations":[{"start":{"line":9,"column":4},"end":{"line":9,"column":4}},{"start":{"line":9,"column":4},"end":{"line":9,"column":4}}]}}}}