TN:
SF:index.js
FN:8,initBLModel
FN:13,(anonymous_2)
FN:25,(anonymous_3)
FN:28,(anonymous_4)
FN:30,(anonymous_5)
FN:31,(anonymous_6)
FN:38,(anonymous_7)
FN:40,(anonymous_8)
FN:41,(anonymous_9)
FN:49,(anonymous_10)
FN:50,(anonymous_11)
FN:51,(anonymous_12)
FN:59,(anonymous_13)
FN:61,(anonymous_14)
FN:62,(anonymous_15)
FNF:15
FNH:15
FNDA:6,initBLModel
FNDA:6,(anonymous_2)
FNDA:1,(anonymous_3)
FNDA:2,(anonymous_4)
FNDA:2,(anonymous_5)
FNDA:2,(anonymous_6)
FNDA:1,(anonymous_7)
FNDA:1,(anonymous_8)
FNDA:1,(anonymous_9)
FNDA:2,(anonymous_10)
FNDA:2,(anonymous_11)
FNDA:2,(anonymous_12)
FNDA:1,(anonymous_13)
FNDA:1,(anonymous_14)
FNDA:1,(anonymous_15)
DA:2,1
DA:3,1
DA:4,1
DA:6,1
DA:8,1
DA:9,6
DA:13,6
DA:14,6
DA:15,0
DA:16,0
DA:20,6
DA:25,1
DA:28,1
DA:30,2
DA:31,2
DA:32,2
DA:38,1
DA:40,1
DA:41,1
DA:42,1
DA:49,1
DA:50,2
DA:51,2
DA:52,2
DA:59,1
DA:61,1
DA:62,1
DA:63,1
DA:68,1
LF:29
LH:27
BRDA:14,1,0,0
BRDA:14,1,1,6
BRF:2
BRH:1
end_of_record
TN:
SF:config.js
FNF:0
FNH:0
DA:2,1
DA:3,1
LF:2
LH:2
BRF:0
BRH:0
end_of_record
TN:
SF:lib/index.js
FN:6,(anonymous_1)
FN:21,requireModel
FN:22,(anonymous_3)
FN:35,buildResponse
FN:47,(anonymous_5)
FN:52,(anonymous_6)
FN:59,(anonymous_7)
FN:61,(anonymous_8)
FN:68,(anonymous_9)
FN:69,(anonymous_10)
FN:75,(anonymous_11)
FN:76,(anonymous_12)
FNF:12
FNH:12
FNDA:6,(anonymous_1)
FNDA:1,requireModel
FNDA:1,(anonymous_3)
FNDA:5,buildResponse
FNDA:2,(anonymous_5)
FNDA:1,(anonymous_6)
FNDA:1,(anonymous_7)
FNDA:1,(anonymous_8)
FNDA:1,(anonymous_9)
FNDA:1,(anonymous_10)
FNDA:2,(anonymous_11)
FNDA:2,(anonymous_12)
DA:2,1
DA:3,1
DA:5,1
DA:7,6
DA:8,6
DA:9,5
DA:10,5
DA:13,1
DA:14,1
DA:15,1
DA:21,1
DA:22,1
DA:23,1
DA:24,0
DA:27,1
DA:28,1
DA:29,1
DA:35,1
DA:36,5
DA:37,0
DA:38,0
DA:40,5
DA:43,1
DA:49,2
DA:50,1
DA:52,1
DA:53,1
DA:54,1
DA:61,1
DA:62,1
DA:63,1
DA:69,1
DA:70,1
DA:71,1
DA:76,2
DA:77,2
DA:78,2
LF:37
LH:34
BRDA:8,1,0,5
BRDA:8,1,1,1
BRDA:13,2,0,1
BRDA:13,2,1,0
BRDA:23,3,0,0
BRDA:23,3,1,1
BRDA:36,4,0,0
BRDA:36,4,1,5
BRDA:49,5,0,1
BRDA:49,5,1,1
BRF:10
BRH:7
end_of_record
TN:
SF:model/mongo.js
FN:8,checkIfMongo
FN:17,(anonymous_2)
FN:23,(anonymous_3)
FN:36,(anonymous_4)
FN:41,(anonymous_5)
FN:50,(anonymous_6)
FN:56,(anonymous_7)
FNF:7
FNH:7
FNDA:5,checkIfMongo
FNDA:1,(anonymous_2)
FNDA:1,(anonymous_3)
FNDA:1,(anonymous_4)
FNDA:1,(anonymous_5)
FNDA:1,(anonymous_6)
FNDA:2,(anonymous_7)
DA:2,1
DA:3,1
DA:4,1
DA:5,1
DA:6,1
DA:8,1
DA:9,5
DA:10,1
DA:15,1
DA:18,1
DA:19,1
DA:24,1
DA:25,1
DA:37,1
DA:42,1
DA:43,1
DA:46,1
DA:51,1
DA:57,2
DA:58,2
DA:59,2
DA:63,2
LF:22
LH:22
BRDA:9,1,0,1
BRDA:9,1,1,4
BRF:2
BRH:2
end_of_record
